<?xml version="1.0" encoding="UTF-8"?>
<!-- Generated by org.testng.reporters.JUnitReportReporter -->
<testsuite hostname="DESKTOP-RB31SML" failures="0" tests="1" name="testNG_framework.Groups2" time="0.002" errors="0" timestamp="2024-02-03T19:50:20 IST" skipped="0">
  <testcase classname="testNG_framework.Groups2" name="test7" time="0.002"/>
</testsuite> <!-- testNG_framework.Groups2 -->
