<?xml version="1.0" encoding="UTF-8"?>
<!-- Generated by org.testng.reporters.JUnitReportReporter -->
<testsuite hostname="DESKTOP-RB31SML" failures="0" tests="3" name="TestNGTutorial.day3b" time="0.006" errors="0" timestamp="2023-10-07T11:33:58 IST" skipped="0">
  <testcase classname="TestNGTutorial.day3b" name="Testfive" time="0.002"/>
  <testcase classname="TestNGTutorial.day3b" name="Testsix" time="0.001"/>
  <testcase classname="TestNGTutorial.day3b" name="Testfour" time="0.003"/>
</testsuite> <!-- TestNGTutorial.day3b -->
