<?xml version="1.0" encoding="UTF-8"?>
<!-- Generated by org.testng.reporters.JUnitReportReporter -->
<testsuite hostname="DESKTOP-RB31SML" failures="0" tests="1" name="testNG_framework.screenshotInJava" time="6.188" errors="0" timestamp="2024-02-14T20:33:26 IST" skipped="0">
  <testcase classname="testNG_framework.screenshotInJava" name="takeSS" time="6.188"/>
</testsuite> <!-- testNG_framework.screenshotInJava -->
