<?xml version="1.0" encoding="UTF-8"?>
<!-- Generated by org.testng.reporters.JUnitReportReporter -->
<testsuite hostname="DESKTOP-RB31SML" failures="0" tests="3" name="TestNG_XML.day1" time="0.027" errors="0" timestamp="2023-10-08T11:38:39 IST" skipped="0">
  <testcase classname="TestNG_XML.day1" name="Testone" time="0.023"/>
  <testcase classname="TestNG_XML.day1" name="Testthree" time="0.002"/>
  <testcase classname="TestNG_XML.day1" name="Testtwo" time="0.002"/>
</testsuite> <!-- TestNG_XML.day1 -->
