<?xml version="1.0" encoding="UTF-8"?>
<!-- Generated by org.testng.reporters.JUnitReportReporter -->
<testsuite hostname="DESKTOP-RB31SML" failures="0" tests="4" name="testNG_framework.dataProvider" time="129.618" errors="0" timestamp="2024-02-08T21:22:33 IST" skipped="0">
  <testcase classname="testNG_framework.dataProvider" name="loginPage" time="8.383"/>
  <testcase classname="testNG_framework.dataProvider" name="loginPage" time="22.538"/>
  <testcase classname="testNG_framework.dataProvider" name="loginPage" time="4.474"/>
  <testcase classname="testNG_framework.dataProvider" name="loginPage" time="94.223"/>
</testsuite> <!-- testNG_framework.dataProvider -->
