<?xml version="1.0" encoding="UTF-8"?>
<!-- Generated by org.testng.reporters.JUnitReportReporter -->
<testsuite hostname="DESKTOP-RB31SML" failures="0" tests="3" name="TestNGTutorial.day3" time="0.019" errors="0" timestamp="2023-10-07T11:33:58 IST" skipped="0">
  <testcase classname="TestNGTutorial.day3" name="Testone" time="0.014"/>
  <testcase classname="TestNGTutorial.day3" name="Testthree" time="0.003"/>
  <testcase classname="TestNGTutorial.day3" name="Testtwo" time="0.002"/>
</testsuite> <!-- TestNGTutorial.day3 -->
