<?xml version="1.0" encoding="UTF-8"?>
<!-- Generated by org.testng.reporters.JUnitReportReporter -->
<testsuite hostname="DESKTOP-RB31SML" failures="0" tests="5" name="SeleniumTestNG.testSuite" time="20.654" errors="0" timestamp="2023-10-07T17:38:24 IST" skipped="0">
  <testcase classname="SeleniumTestNG.testSuite" name="testCaseFour" time="3.731"/>
  <testcase classname="SeleniumTestNG.testSuite" name="testCaseOne" time="3.605"/>
  <testcase classname="SeleniumTestNG.testSuite" name="testCaseFive" time="5.216"/>
  <testcase classname="SeleniumTestNG.testSuite" name="testCaseTwo" time="4.045"/>
  <testcase classname="SeleniumTestNG.testSuite" name="testCaseThree" time="4.057"/>
</testsuite> <!-- SeleniumTestNG.testSuite -->
