<?xml version="1.0" encoding="UTF-8"?>
<!-- Generated by org.testng.reporters.JUnitReportReporter -->
<testsuite hostname="DESKTOP-RB31SML" failures="0" tests="1" name="testngTutorials.testSuite" time="5.763" errors="0" timestamp="2023-10-05T13:14:56 IST" skipped="0">
  <testcase classname="testngTutorials.testSuite" name="testCaseFive" time="5.763"/>
</testsuite> <!-- testngTutorials.testSuite -->
