<?xml version="1.0" encoding="UTF-8"?>
<!-- Generated by org.testng.reporters.JUnitReportReporter -->
<testsuite hostname="DESKTOP-RB31SML" failures="0" tests="2" name="testNG_framework.dataProviderWithJson" time="22.765" errors="0" timestamp="2024-02-13T22:37:16 IST" skipped="0">
  <testcase classname="testNG_framework.dataProviderWithJson" name="loginTest" time="5.760"/>
  <testcase classname="testNG_framework.dataProviderWithJson" name="loginTest" time="17.005"/>
</testsuite> <!-- testNG_framework.dataProviderWithJson -->
