<?xml version="1.0" encoding="UTF-8"?>
<!-- Generated by org.testng.reporters.JUnitReportReporter -->
<testsuite hostname="DESKTOP-RB31SML" failures="0" tests="1" name="TestNGTutorial.dataprovider2" time="11.474" errors="0" timestamp="2023-10-10T21:31:58 IST" skipped="0">
  <testcase classname="TestNGTutorial.dataprovider2" name="login" time="11.474"/>
</testsuite> <!-- TestNGTutorial.dataprovider2 -->
