<?xml version="1.0" encoding="UTF-8"?>
<!-- Generated by org.testng.reporters.JUnitReportReporter -->
<testsuite hostname="DESKTOP-RB31SML" failures="0" tests="1" name="testngTutorials.testOne" time="8.548" errors="0" timestamp="2023-10-01T13:01:03 IST" skipped="0">
  <testcase classname="testngTutorials.testOne" name="testcase" time="8.548"/>
</testsuite> <!-- testngTutorials.testOne -->
