<?xml version="1.0" encoding="UTF-8"?>
<!-- Generated by org.testng.reporters.JUnitReportReporter -->
<testsuite hostname="DESKTOP-RB31SML" failures="0" tests="3" name="testNG_framework.disabling" time="0.014" errors="0" timestamp="2024-02-03T20:22:20 IST" skipped="1">
  <testcase classname="testNG_framework.disabling" name="test1" time="0.012"/>
  <testcase classname="testNG_framework.disabling" name="test3" time="0.002"/>
  <testcase classname="testNG_framework.disabling" name="test2">
    <skipped/>
  </testcase> <!-- test2 -->
</testsuite> <!-- testNG_framework.disabling -->
