<?xml version="1.0" encoding="UTF-8"?>
<!-- Generated by org.testng.reporters.JUnitReportReporter -->
<testsuite hostname="DESKTOP-RB31SML" failures="0" tests="1" name="TestNG_XML.Demo1" time="0.003" errors="0" timestamp="2023-10-08T11:47:02 IST" skipped="0">
  <testcase classname="TestNG_XML.Demo1" name="Resistration" time="0.003"/>
</testsuite> <!-- TestNG_XML.Demo1 -->
