<?xml version="1.0" encoding="UTF-8"?>
<!-- Generated by org.testng.reporters.JUnitReportReporter -->
<testsuite hostname="DESKTOP-RB31SML" failures="0" tests="2" name="testNG_framework.Assertions" time="0.026" errors="0" timestamp="2024-02-03T21:07:27 IST" skipped="0">
  <testcase classname="testNG_framework.Assertions" name="homePageTitle" time="0.017"/>
  <testcase classname="testNG_framework.Assertions" name="currentUrl" time="0.009"/>
</testsuite> <!-- testNG_framework.Assertions -->
