<?xml version="1.0" encoding="UTF-8"?>
<!-- Generated by org.testng.reporters.JUnitReportReporter -->
<testsuite hostname="DESKTOP-RB31SML" failures="0" tests="1" name="TestNGTutorial.dataprovider" time="7.060" errors="0" timestamp="2023-10-10T15:26:43 IST" skipped="0">
  <testcase classname="TestNGTutorial.dataprovider" name="login" time="7.060"/>
</testsuite> <!-- TestNGTutorial.dataprovider -->
