<?xml version="1.0" encoding="UTF-8"?>
<!-- Generated by org.testng.reporters.JUnitReportReporter -->
<testsuite hostname="DESKTOP-RB31SML" failures="0" tests="1" name="testNG_framework.testC" time="0.013" errors="0" timestamp="2024-02-03T19:23:58 IST" skipped="0">
  <testcase classname="testNG_framework.testC" name="testFive" time="0.013"/>
</testsuite> <!-- testNG_framework.testC -->
