<?xml version="1.0" encoding="UTF-8"?>
<!-- Generated by org.testng.reporters.JUnitReportReporter -->
<testsuite hostname="DESKTOP-RB31SML" failures="0" tests="2" name="TestNGTutorial.Annotations" time="0.032" errors="0" timestamp="2024-01-24T13:05:53 IST" skipped="0">
  <testcase classname="TestNGTutorial.Annotations" name="TestCaseTwo" time="0.007"/>
  <testcase classname="TestNGTutorial.Annotations" name="TestCaseOne" time="0.025"/>
</testsuite> <!-- TestNGTutorial.Annotations -->
