<?xml version="1.0" encoding="UTF-8"?>
<!-- Generated by org.testng.reporters.JUnitReportReporter -->
<testsuite hostname="DESKTOP-RB31SML" failures="0" tests="2" name="testNG_framework.testA" time="0.054" errors="0" timestamp="2024-02-02T14:33:20 IST" skipped="0">
  <testcase classname="testNG_framework.testA" name="testTwo" time="0.010"/>
  <testcase classname="testNG_framework.testA" name="testOne" time="0.044"/>
</testsuite> <!-- testNG_framework.testA -->
