<?xml version="1.0" encoding="UTF-8"?>
<!-- Generated by org.testng.reporters.JUnitReportReporter -->
<testsuite hostname="DESKTOP-RB31SML" failures="0" tests="2" name="TestNG.day3c" time="0.012" errors="0" timestamp="2023-10-06T13:32:05 IST" skipped="0">
  <testcase classname="TestNG.day3c" name="TestCaseTwo" time="0.001"/>
  <testcase classname="TestNG.day3c" name="TestCaseOne" time="0.011"/>
</testsuite> <!-- TestNG.day3c -->
