<?xml version="1.0" encoding="UTF-8"?>
<!-- Generated by org.testng.reporters.JUnitReportReporter -->
<testsuite hostname="DESKTOP-RB31SML" failures="0" tests="3" name="testNG_framework.testTwo" time="0.020" errors="0" timestamp="2024-01-25T13:24:14 IST" skipped="0">
  <testcase classname="testNG_framework.testTwo" name="testFive" time="0.006"/>
  <testcase classname="testNG_framework.testTwo" name="testSix" time="0.006"/>
  <testcase classname="testNG_framework.testTwo" name="testFour" time="0.008"/>
</testsuite> <!-- testNG_framework.testTwo -->
