<?xml version="1.0" encoding="UTF-8"?>
<!-- Generated by org.testng.reporters.JUnitReportReporter -->
<testsuite hostname="DESKTOP-RB31SML" failures="0" tests="3" name="testNG_framework.Groups1" time="0.020" errors="0" timestamp="2024-02-03T19:50:20 IST" skipped="0">
  <testcase classname="testNG_framework.Groups1" name="test5" time="0.002"/>
  <testcase classname="testNG_framework.Groups1" name="test3" time="0.001"/>
  <testcase classname="testNG_framework.Groups1" name="test1" time="0.017"/>
</testsuite> <!-- testNG_framework.Groups1 -->
