<?xml version="1.0" encoding="UTF-8"?>
<!-- Generated by org.testng.reporters.JUnitReportReporter -->
<testsuite hostname="DESKTOP-RB31SML" failures="0" tests="1" name="testNG_framework.ParametersExample" time="0.018" errors="0" timestamp="2024-02-06T13:46:21 IST" skipped="0">
  <testcase classname="testNG_framework.ParametersExample" name="myInfo" time="0.018"/>
</testsuite> <!-- testNG_framework.ParametersExample -->
