<?xml version="1.0" encoding="UTF-8"?>
<!-- Generated by org.testng.reporters.JUnitReportReporter -->
<testsuite hostname="DESKTOP-RB31SML" failures="0" tests="2" name="testNG_framework.testB" time="0.010" errors="0" timestamp="2024-02-02T14:33:20 IST" skipped="0">
  <testcase classname="testNG_framework.testB" name="testFour" time="0.006"/>
  <testcase classname="testNG_framework.testB" name="testThree" time="0.004"/>
</testsuite> <!-- testNG_framework.testB -->
