<?xml version="1.0" encoding="UTF-8"?>
<!-- Generated by org.testng.reporters.JUnitReportReporter -->
<testsuite hostname="DESKTOP-RB31SML" failures="0" tests="1" name="SeleniumTestNG.Autocomplete_TextField" time="7.565" errors="0" timestamp="2023-10-07T14:33:26 IST" skipped="0">
  <testcase classname="SeleniumTestNG.Autocomplete_TextField" name="TestcaseTwo" time="7.565"/>
</testsuite> <!-- SeleniumTestNG.Autocomplete_TextField -->
