<?xml version="1.0" encoding="UTF-8"?>
<!-- Generated by org.testng.reporters.JUnitReportReporter -->
<testsuite hostname="DESKTOP-RB31SML" failures="0" tests="5" name="testngTutorials.Action_Class" time="25.517" errors="0" timestamp="2023-10-05T13:47:54 IST" skipped="0">
  <testcase classname="testngTutorials.Action_Class" name="contextClick" time="4.666"/>
  <testcase classname="testngTutorials.Action_Class" name="moveToElement" time="4.341"/>
  <testcase classname="testngTutorials.Action_Class" name="clickAndHold" time="6.657"/>
  <testcase classname="testngTutorials.Action_Class" name="TestCaseTwo" time="4.764"/>
  <testcase classname="testngTutorials.Action_Class" name="dragAndDrop" time="5.089"/>
</testsuite> <!-- testngTutorials.Action_Class -->
