<?xml version="1.0" encoding="UTF-8"?>
<!-- Generated by org.testng.reporters.JUnitReportReporter -->
<testsuite hostname="DESKTOP-RB31SML" failures="0" tests="1" name="testNG2024.day1" time="0.023" errors="0" timestamp="2024-01-24T13:26:17 IST" skipped="0">
  <testcase classname="testNG2024.day1" name="test" time="0.023"/>
</testsuite> <!-- testNG2024.day1 -->
