<?xml version="1.0" encoding="UTF-8"?>
<!-- Generated by org.testng.reporters.JUnitReportReporter -->
<testsuite hostname="DESKTOP-RB31SML" failures="0" tests="4" name="testNG_framework.priority" time="0.025" errors="0" timestamp="2024-01-26T13:48:35 IST" skipped="0">
  <testcase classname="testNG_framework.priority" name="testFour" time="0.017"/>
  <testcase classname="testNG_framework.priority" name="testThree" time="0.002"/>
  <testcase classname="testNG_framework.priority" name="testOne" time="0.002"/>
  <testcase classname="testNG_framework.priority" name="testTwo" time="0.004"/>
</testsuite> <!-- testNG_framework.priority -->
