<?xml version="1.0" encoding="UTF-8"?>
<!-- Generated by org.testng.reporters.JUnitReportReporter -->
<testsuite hostname="DESKTOP-RB31SML" failures="0" tests="5" name="TestNG.day2" time="0.029" errors="0" timestamp="2023-10-05T14:07:33 IST" skipped="0">
  <testcase classname="TestNG.day2" name="ZzeroTest" time="0.018"/>
  <testcase classname="TestNG.day2" name="zeroTest" time="0.003"/>
  <testcase classname="TestNG.day2" name="betaTest" time="0.003"/>
  <testcase classname="TestNG.day2" name="alphaTest" time="0.002"/>
  <testcase classname="TestNG.day2" name="gammaTest" time="0.003"/>
</testsuite> <!-- TestNG.day2 -->
