<?xml version="1.0" encoding="UTF-8"?>
<!-- Generated by org.testng.reporters.JUnitReportReporter -->
<testsuite hostname="DESKTOP-RB31SML" failures="0" tests="2" name="testNG_framework.browserTestCase" time="13.977" errors="0" timestamp="2024-01-29T13:10:45 IST" skipped="0">
  <testcase classname="testNG_framework.browserTestCase" name="verifyTitle" time="3.815"/>
  <testcase classname="testNG_framework.browserTestCase" name="verifyCurrentUrl" time="10.162"/>
</testsuite> <!-- testNG_framework.browserTestCase -->
