<?xml version="1.0" encoding="UTF-8"?>
<!-- Generated by org.testng.reporters.JUnitReportReporter -->
<testsuite hostname="DESKTOP-RB31SML" failures="0" tests="3" name="SeleniumTestNG.IFrame" time="16.958" errors="0" timestamp="2023-11-22T15:19:57 IST" skipped="0">
  <testcase classname="SeleniumTestNG.IFrame" name="iFrametestCase3" time="5.930"/>
  <testcase classname="SeleniumTestNG.IFrame" name="iFrametestCase2" time="4.600"/>
  <testcase classname="SeleniumTestNG.IFrame" name="iFrametestCase1" time="6.428"/>
</testsuite> <!-- SeleniumTestNG.IFrame -->
