<?xml version="1.0" encoding="UTF-8"?>
<!-- Generated by org.testng.reporters.JUnitReportReporter -->
<testsuite hostname="DESKTOP-RB31SML" failures="0" tests="2" name="TestNGTutorial.day3c" time="0.007" errors="0" timestamp="2023-10-07T09:41:48 IST" skipped="0">
  <testcase classname="TestNGTutorial.day3c" name="TestCaseOne" time="0.003"/>
  <testcase classname="TestNGTutorial.day3c" name="TestCaseTwo" time="0.004"/>
</testsuite> <!-- TestNGTutorial.day3c -->
