<?xml version="1.0" encoding="UTF-8"?>
<!-- Generated by org.testng.reporters.JUnitReportReporter -->
<testsuite hostname="DESKTOP-RB31SML" failures="0" tests="3" name="TestNG.day3" time="0.029" errors="0" timestamp="2023-10-06T13:16:35 IST" skipped="0">
  <testcase classname="TestNG.day3" name="Testone" time="0.024"/>
  <testcase classname="TestNG.day3" name="Testthree" time="0.002"/>
  <testcase classname="TestNG.day3" name="Testtwo" time="0.003"/>
</testsuite> <!-- TestNG.day3 -->
