<?xml version="1.0" encoding="UTF-8"?>
<!-- Generated by org.testng.reporters.JUnitReportReporter -->
<testsuite hostname="DESKTOP-RB31SML" failures="0" tests="1" name="TestNG.test1" time="5.905" errors="0" timestamp="2023-10-05T13:59:17 IST" skipped="0">
  <testcase classname="TestNG.test1" name="validateCurrentUrl" time="5.905"/>
</testsuite> <!-- TestNG.test1 -->
