<?xml version="1.0" encoding="UTF-8"?>
<!-- Generated by org.testng.reporters.JUnitReportReporter -->
<testsuite hostname="DESKTOP-RB31SML" failures="0" tests="3" name="TestNG.day3b" time="0.025" errors="0" timestamp="2023-10-06T13:15:38 IST" skipped="0">
  <testcase classname="TestNG.day3b" name="Testfive" time="0.017"/>
  <testcase classname="TestNG.day3b" name="Testsix" time="0.006"/>
  <testcase classname="TestNG.day3b" name="Testfour" time="0.002"/>
</testsuite> <!-- TestNG.day3b -->
