<?xml version="1.0" encoding="UTF-8"?>
<!-- Generated by org.testng.reporters.JUnitReportReporter -->
<testsuite hostname="DESKTOP-RB31SML" failures="0" tests="3" name="TestNG_XML.day1b" time="0.005" errors="0" timestamp="2023-10-08T11:38:39 IST" skipped="0">
  <testcase classname="TestNG_XML.day1b" name="Testfive" time="0.001"/>
  <testcase classname="TestNG_XML.day1b" name="Testsix" time="0.002"/>
  <testcase classname="TestNG_XML.day1b" name="Testfour" time="0.002"/>
</testsuite> <!-- TestNG_XML.day1b -->
