<?xml version="1.0" encoding="UTF-8"?>
<!-- Generated by org.testng.reporters.JUnitReportReporter -->
<testsuite hostname="DESKTOP-RB31SML" failures="0" tests="2" name="testNG_framework.annotations" time="0.044" errors="0" timestamp="2024-02-02T14:26:53 IST" skipped="0">
  <testcase classname="testNG_framework.annotations" name="test1" time="0.036"/>
  <testcase classname="testNG_framework.annotations" name="test2" time="0.008"/>
</testsuite> <!-- testNG_framework.annotations -->
