<?xml version="1.0" encoding="UTF-8"?>
<!-- Generated by org.testng.reporters.JUnitReportReporter -->
<testsuite hostname="DESKTOP-RB31SML" failures="0" tests="2" name="testNG_framework.browserTestCase" time="22.580" errors="0" timestamp="2024-02-08T19:50:55 IST" skipped="0">
  <testcase classname="testNG_framework.browserTestCase" name="verifyTitle" time="15.640"/>
  <testcase classname="testNG_framework.browserTestCase" name="verifyCurrentUrl" time="6.940"/>
</testsuite> <!-- testNG_framework.browserTestCase -->
