<?xml version="1.0" encoding="UTF-8"?>
<!-- Generated by org.testng.reporters.JUnitReportReporter -->
<testsuite hostname="DESKTOP-RB31SML" failures="0" tests="5" name="TestNGTutorial.Priority" time="0.036" errors="0" timestamp="2023-11-22T15:21:04 IST" skipped="0">
  <testcase classname="TestNGTutorial.Priority" name="ZzeroTest" time="0.022"/>
  <testcase classname="TestNGTutorial.Priority" name="zeroTest" time="0.002"/>
  <testcase classname="TestNGTutorial.Priority" name="betaTest" time="0.003"/>
  <testcase classname="TestNGTutorial.Priority" name="alphaTest" time="0.003"/>
  <testcase classname="TestNGTutorial.Priority" name="gammaTest" time="0.006"/>
</testsuite> <!-- TestNGTutorial.Priority -->
