<?xml version="1.0" encoding="UTF-8"?>
<!-- Generated by org.testng.reporters.JUnitReportReporter -->
<testsuite hostname="DESKTOP-RB31SML" failures="0" tests="5" name="testNG_framework.Groups" time="0.033" errors="0" timestamp="2024-02-03T19:07:19 IST" skipped="0">
  <testcase classname="testNG_framework.Groups" name="test4" time="0.003"/>
  <testcase classname="testNG_framework.Groups" name="test2" time="0.002"/>
  <testcase classname="testNG_framework.Groups" name="test5" time="0.002"/>
  <testcase classname="testNG_framework.Groups" name="test3" time="0.003"/>
  <testcase classname="testNG_framework.Groups" name="test1" time="0.023"/>
</testsuite> <!-- testNG_framework.Groups -->
