<?xml version="1.0" encoding="UTF-8"?>
<!-- Generated by org.testng.reporters.JUnitReportReporter -->
<testsuite hostname="DESKTOP-RB31SML" failures="0" tests="3" name="testNG_framework.testOne" time="0.031" errors="0" timestamp="2024-01-25T13:24:14 IST" skipped="0">
  <testcase classname="testNG_framework.testOne" name="testOne" time="0.024"/>
  <testcase classname="testNG_framework.testOne" name="testTwo" time="0.004"/>
  <testcase classname="testNG_framework.testOne" name="testThree" time="0.003"/>
</testsuite> <!-- testNG_framework.testOne -->
